ARM GAS  C:\Users\ADMINI~1\AppData\Local\Temp\ccXqMHxX.s 			page 1


   1              		.cpu cortex-m3
   2              		.arch armv7-m
   3              		.fpu softvfp
   4              		.eabi_attribute 20, 1
   5              		.eabi_attribute 21, 1
   6              		.eabi_attribute 23, 3
   7              		.eabi_attribute 24, 1
   8              		.eabi_attribute 25, 1
   9              		.eabi_attribute 26, 1
  10              		.eabi_attribute 30, 1
  11              		.eabi_attribute 34, 1
  12              		.eabi_attribute 18, 4
  13              		.file	"main.c"
  14              		.text
  15              	.Ltext0:
  16              		.cfi_sections	.debug_frame
  17              		.file 1 "Src/main.c"
  18              		.section	.rodata.load_draw_dialog.str1.4,"aMS",%progbits,1
  19              		.align	2
  20              	.LC0:
  21 0000 52535400 		.ascii	"RST\000"
  22              		.section	.text.load_draw_dialog,"ax",%progbits
  23              		.align	1
  24              		.global	load_draw_dialog
  25              		.syntax unified
  26              		.thumb
  27              		.thumb_func
  29              	load_draw_dialog:
  30              	.LFB68:
   1:Src/main.c    **** #include "main.h"
   2:Src/main.c    **** #include "led.h"
   3:Src/main.c    **** #include "key.h"
   4:Src/main.c    **** #include "touch.h"
   5:Src/main.c    **** 
   6:Src/main.c    **** 
   7:Src/main.c    **** /**
   8:Src/main.c    ****  * @brief       清空屏幕并在右上角显示"RST"
   9:Src/main.c    ****  * @param       无
  10:Src/main.c    ****  * @retval      无
  11:Src/main.c    ****  */
  12:Src/main.c    **** void load_draw_dialog(void)
  13:Src/main.c    **** {
  31              		.loc 1 13 1 view -0
  32              		.cfi_startproc
  33              		@ args = 0, pretend = 0, frame = 0
  34              		@ frame_needed = 0, uses_anonymous_args = 0
  35 0000 00B5     		push	{lr}
  36              	.LCFI0:
  37              		.cfi_def_cfa_offset 4
  38              		.cfi_offset 14, -4
  39 0002 85B0     		sub	sp, sp, #20
  40              	.LCFI1:
  41              		.cfi_def_cfa_offset 24
  14:Src/main.c    ****   LCD_clear(WHITE);                                                /* 清屏 */
  42              		.loc 1 14 3 view .LVU1
  43 0004 4FF6FF70 		movw	r0, #65535
  44 0008 FFF7FEFF 		bl	LCD_clear
ARM GAS  C:\Users\ADMINI~1\AppData\Local\Temp\ccXqMHxX.s 			page 2


  45              	.LVL0:
  15:Src/main.c    ****   LCD_showString(width - 24, 0, 200, 16, 16, "RST", BLUE,WHITE); /* 显示清屏区域 */
  46              		.loc 1 15 3 view .LVU2
  47 000c 4FF6FF73 		movw	r3, #65535
  48 0010 0393     		str	r3, [sp, #12]
  49 0012 1F23     		movs	r3, #31
  50 0014 0293     		str	r3, [sp, #8]
  51 0016 064B     		ldr	r3, .L3
  52 0018 0193     		str	r3, [sp, #4]
  53 001a 1023     		movs	r3, #16
  54 001c 0093     		str	r3, [sp]
  55 001e C822     		movs	r2, #200
  56 0020 0021     		movs	r1, #0
  57 0022 D820     		movs	r0, #216
  58 0024 FFF7FEFF 		bl	LCD_showString
  59              	.LVL1:
  16:Src/main.c    **** }
  60              		.loc 1 16 1 is_stmt 0 view .LVU3
  61 0028 05B0     		add	sp, sp, #20
  62              	.LCFI2:
  63              		.cfi_def_cfa_offset 4
  64              		@ sp needed
  65 002a 5DF804FB 		ldr	pc, [sp], #4
  66              	.L4:
  67 002e 00BF     		.align	2
  68              	.L3:
  69 0030 00000000 		.word	.LC0
  70              		.cfi_endproc
  71              	.LFE68:
  73              		.section	.text.rtp_test,"ax",%progbits
  74              		.align	1
  75              		.global	rtp_test
  76              		.syntax unified
  77              		.thumb
  78              		.thumb_func
  80              	rtp_test:
  81              	.LFB69:
  17:Src/main.c    **** 
  18:Src/main.c    **** 
  19:Src/main.c    **** /**
  20:Src/main.c    ****  * @brief       电阻触摸屏测试函数
  21:Src/main.c    ****  * @param       无
  22:Src/main.c    ****  * @retval      无
  23:Src/main.c    ****  */
  24:Src/main.c    **** void rtp_test(void)
  25:Src/main.c    **** {
  82              		.loc 1 25 1 is_stmt 1 view -0
  83              		.cfi_startproc
  84              		@ args = 0, pretend = 0, frame = 0
  85              		@ frame_needed = 0, uses_anonymous_args = 0
  86 0000 70B5     		push	{r4, r5, r6, lr}
  87              	.LCFI3:
  88              		.cfi_def_cfa_offset 16
  89              		.cfi_offset 4, -16
  90              		.cfi_offset 5, -12
  91              		.cfi_offset 6, -8
  92              		.cfi_offset 14, -4
ARM GAS  C:\Users\ADMINI~1\AppData\Local\Temp\ccXqMHxX.s 			page 3


  26:Src/main.c    ****   uint8_t keynum;
  93              		.loc 1 26 3 view .LVU5
  27:Src/main.c    ****   uint8_t i = 0;
  94              		.loc 1 27 3 view .LVU6
  95              	.LVL2:
  96              		.loc 1 27 11 is_stmt 0 view .LVU7
  97 0002 0024     		movs	r4, #0
  98 0004 13E0     		b	.L6
  99              	.LVL3:
 100              	.L15:
  28:Src/main.c    **** 
  29:Src/main.c    ****   while (1)
  30:Src/main.c    ****   {
  31:Src/main.c    ****     keynum = getKeyNum();
  32:Src/main.c    ****     touch_dev.scan(0);
  33:Src/main.c    **** 
  34:Src/main.c    ****     if (touch_dev.sta & TP_PRES_DOWN)  /* 触摸屏被按下 */
  35:Src/main.c    ****     {
  36:Src/main.c    ****       if (touch_dev.x[0] < width && touch_dev.y[0] < length)
  37:Src/main.c    ****       {
  38:Src/main.c    ****         if (touch_dev.x[0] > (width - 24) && touch_dev.y[0] < 16)
  39:Src/main.c    ****         {
  40:Src/main.c    ****           load_draw_dialog(); /* 清除 */
 101              		.loc 1 40 11 is_stmt 1 view .LVU8
 102 0006 FFF7FEFF 		bl	load_draw_dialog
 103              	.LVL4:
 104 000a 02E0     		b	.L8
 105              	.L7:
  41:Src/main.c    ****         }
  42:Src/main.c    ****         else 
  43:Src/main.c    ****         {
  44:Src/main.c    ****           touch_drawBigPoint(touch_dev.x[0], touch_dev.y[0], RED);   /* 画点 */
  45:Src/main.c    ****         }
  46:Src/main.c    ****       }
  47:Src/main.c    ****     }
  48:Src/main.c    ****     else 
  49:Src/main.c    ****     {
  50:Src/main.c    ****       delay_ms(10);       /* 没有按键按下的时候 */
 106              		.loc 1 50 7 view .LVU9
 107 000c 0A20     		movs	r0, #10
 108 000e FFF7FEFF 		bl	delay_ms
 109              	.LVL5:
 110              	.L8:
  51:Src/main.c    ****     }
  52:Src/main.c    ****     
  53:Src/main.c    ****     if (keynum == 0)   /* KEY0按下,则执行校准程序 */
 111              		.loc 1 53 5 view .LVU10
 112              		.loc 1 53 8 is_stmt 0 view .LVU11
 113 0012 3DB3     		cbz	r5, .L13
 114              	.L10:
  54:Src/main.c    ****     {
  55:Src/main.c    ****       LCD_clear(WHITE);   /* 清屏 */
  56:Src/main.c    ****       touchAdjust();        /* 屏幕校准 */
  57:Src/main.c    ****       touch_saveAdjustData();
  58:Src/main.c    ****       load_draw_dialog();
  59:Src/main.c    ****     }
  60:Src/main.c    **** 
ARM GAS  C:\Users\ADMINI~1\AppData\Local\Temp\ccXqMHxX.s 			page 4


  61:Src/main.c    ****     i++;
 115              		.loc 1 61 5 is_stmt 1 view .LVU12
 116              		.loc 1 61 6 is_stmt 0 view .LVU13
 117 0014 0134     		adds	r4, r4, #1
 118              	.LVL6:
 119              		.loc 1 61 6 view .LVU14
 120 0016 E4B2     		uxtb	r4, r4
 121              	.LVL7:
  62:Src/main.c    **** 
  63:Src/main.c    ****     if (i % 20 == 0)LED_Toggle(LED0_Port,GPIO_PIN_5);
 122              		.loc 1 63 5 is_stmt 1 view .LVU15
 123              		.loc 1 63 16 is_stmt 0 view .LVU16
 124 0018 1A4B     		ldr	r3, .L16
 125 001a A3FB0423 		umull	r2, r3, r3, r4
 126 001e 1B09     		lsrs	r3, r3, #4
 127 0020 03EB8303 		add	r3, r3, r3, lsl #2
 128 0024 A4EB8303 		sub	r3, r4, r3, lsl #2
 129              		.loc 1 63 8 view .LVU17
 130 0028 13F0FF0F 		tst	r3, #255
 131 002c 25D0     		beq	.L14
 132              	.LVL8:
 133              	.L6:
  29:Src/main.c    ****   {
 134              		.loc 1 29 3 is_stmt 1 view .LVU18
  31:Src/main.c    ****     touch_dev.scan(0);
 135              		.loc 1 31 5 view .LVU19
  31:Src/main.c    ****     touch_dev.scan(0);
 136              		.loc 1 31 14 is_stmt 0 view .LVU20
 137 002e FFF7FEFF 		bl	getKeyNum
 138              	.LVL9:
 139 0032 0546     		mov	r5, r0
 140              	.LVL10:
  32:Src/main.c    **** 
 141              		.loc 1 32 5 is_stmt 1 view .LVU21
  32:Src/main.c    **** 
 142              		.loc 1 32 14 is_stmt 0 view .LVU22
 143 0034 144E     		ldr	r6, .L16+4
 144 0036 7368     		ldr	r3, [r6, #4]
  32:Src/main.c    **** 
 145              		.loc 1 32 5 view .LVU23
 146 0038 0020     		movs	r0, #0
 147 003a 9847     		blx	r3
 148              	.LVL11:
  34:Src/main.c    ****     {
 149              		.loc 1 34 5 is_stmt 1 view .LVU24
  34:Src/main.c    ****     {
 150              		.loc 1 34 9 is_stmt 0 view .LVU25
 151 003c B6F93430 		ldrsh	r3, [r6, #52]
  34:Src/main.c    ****     {
 152              		.loc 1 34 8 view .LVU26
 153 0040 002B     		cmp	r3, #0
 154 0042 E3DA     		bge	.L7
  36:Src/main.c    ****       {
 155              		.loc 1 36 7 is_stmt 1 view .LVU27
  36:Src/main.c    ****       {
 156              		.loc 1 36 22 is_stmt 0 view .LVU28
 157 0044 B089     		ldrh	r0, [r6, #12]
ARM GAS  C:\Users\ADMINI~1\AppData\Local\Temp\ccXqMHxX.s 			page 5


  36:Src/main.c    ****       {
 158              		.loc 1 36 10 view .LVU29
 159 0046 EF28     		cmp	r0, #239
 160 0048 E3D8     		bhi	.L8
  36:Src/main.c    ****       {
 161              		.loc 1 36 48 discriminator 1 view .LVU30
 162 004a 318C     		ldrh	r1, [r6, #32]
  36:Src/main.c    ****       {
 163              		.loc 1 36 34 discriminator 1 view .LVU31
 164 004c B1F5A07F 		cmp	r1, #320
 165 0050 DFD2     		bcs	.L8
  38:Src/main.c    ****         {
 166              		.loc 1 38 9 is_stmt 1 view .LVU32
  38:Src/main.c    ****         {
 167              		.loc 1 38 12 is_stmt 0 view .LVU33
 168 0052 D828     		cmp	r0, #216
 169 0054 01D9     		bls	.L9
  38:Src/main.c    ****         {
 170              		.loc 1 38 43 discriminator 1 view .LVU34
 171 0056 0F29     		cmp	r1, #15
 172 0058 D5D9     		bls	.L15
 173              	.L9:
  44:Src/main.c    ****         }
 174              		.loc 1 44 11 is_stmt 1 view .LVU35
 175 005a 4FF47842 		mov	r2, #63488
 176 005e FFF7FEFF 		bl	touch_drawBigPoint
 177              	.LVL12:
 178 0062 D6E7     		b	.L8
 179              	.L13:
  55:Src/main.c    ****       touchAdjust();        /* 屏幕校准 */
 180              		.loc 1 55 7 view .LVU36
 181 0064 4FF6FF70 		movw	r0, #65535
 182 0068 FFF7FEFF 		bl	LCD_clear
 183              	.LVL13:
  56:Src/main.c    ****       touch_saveAdjustData();
 184              		.loc 1 56 7 view .LVU37
 185 006c FFF7FEFF 		bl	touchAdjust
 186              	.LVL14:
  57:Src/main.c    ****       load_draw_dialog();
 187              		.loc 1 57 7 view .LVU38
 188 0070 FFF7FEFF 		bl	touch_saveAdjustData
 189              	.LVL15:
  58:Src/main.c    ****     }
 190              		.loc 1 58 7 view .LVU39
 191 0074 FFF7FEFF 		bl	load_draw_dialog
 192              	.LVL16:
 193 0078 CCE7     		b	.L10
 194              	.L14:
 195              		.loc 1 63 21 discriminator 1 view .LVU40
 196 007a 2021     		movs	r1, #32
 197 007c 0348     		ldr	r0, .L16+8
 198 007e FFF7FEFF 		bl	LED_Toggle
 199              	.LVL17:
 200 0082 D4E7     		b	.L6
 201              	.L17:
 202              		.align	2
 203              	.L16:
ARM GAS  C:\Users\ADMINI~1\AppData\Local\Temp\ccXqMHxX.s 			page 6


 204 0084 CDCCCCCC 		.word	-858993459
 205 0088 00000000 		.word	touch_dev
 206 008c 000C0140 		.word	1073810432
 207              		.cfi_endproc
 208              	.LFE69:
 210              		.section	.rodata.main.str1.4,"aMS",%progbits,1
 211              		.align	2
 212              	.LC1:
 213 0000 53544D33 		.ascii	"STM32\000"
 213      3200
 214 0006 0000     		.align	2
 215              	.LC2:
 216 0008 544F5543 		.ascii	"TOUCH TEST\000"
 216      48205445 
 216      535400
 217 0013 00       		.align	2
 218              	.LC3:
 219 0014 41544F4D 		.ascii	"ATOM@ALIENTEK\000"
 219      40414C49 
 219      454E5445 
 219      4B00
 220 0022 0000     		.align	2
 221              	.LC4:
 222 0024 50726573 		.ascii	"Press KEY0 to Adjust\000"
 222      73204B45 
 222      59302074 
 222      6F204164 
 222      6A757374 
 223              		.section	.text.main,"ax",%progbits
 224              		.align	1
 225              		.global	main
 226              		.syntax unified
 227              		.thumb
 228              		.thumb_func
 230              	main:
 231              	.LFB70:
  64:Src/main.c    ****   }
  65:Src/main.c    **** }
  66:Src/main.c    **** 
  67:Src/main.c    **** int main(void)
  68:Src/main.c    **** {
 232              		.loc 1 68 1 view -0
 233              		.cfi_startproc
 234              		@ Volatile: function does not return.
 235              		@ args = 0, pretend = 0, frame = 0
 236              		@ frame_needed = 0, uses_anonymous_args = 0
 237 0000 00B5     		push	{lr}
 238              	.LCFI4:
 239              		.cfi_def_cfa_offset 4
 240              		.cfi_offset 14, -4
 241 0002 85B0     		sub	sp, sp, #20
 242              	.LCFI5:
 243              		.cfi_def_cfa_offset 24
  69:Src/main.c    ****   HAL_Init();
 244              		.loc 1 69 3 view .LVU42
 245 0004 FFF7FEFF 		bl	HAL_Init
 246              	.LVL18:
ARM GAS  C:\Users\ADMINI~1\AppData\Local\Temp\ccXqMHxX.s 			page 7


  70:Src/main.c    ****   sys_stm32_clock_init(RCC_CFGR_PLLMULL9);
 247              		.loc 1 70 3 view .LVU43
 248 0008 4FF4E010 		mov	r0, #1835008
 249 000c FFF7FEFF 		bl	sys_stm32_clock_init
 250              	.LVL19:
  71:Src/main.c    ****   delay_init(72);
 251              		.loc 1 71 3 view .LVU44
 252 0010 4820     		movs	r0, #72
 253 0012 FFF7FEFF 		bl	delay_init
 254              	.LVL20:
  72:Src/main.c    ****   Key_Init();
 255              		.loc 1 72 3 view .LVU45
 256 0016 FFF7FEFF 		bl	Key_Init
 257              	.LVL21:
  73:Src/main.c    ****   LCD_Init();
 258              		.loc 1 73 3 view .LVU46
 259 001a FFF7FEFF 		bl	LCD_Init
 260              	.LVL22:
  74:Src/main.c    ****   LED_Init();
 261              		.loc 1 74 3 view .LVU47
 262 001e FFF7FEFF 		bl	LED_Init
 263              	.LVL23:
  75:Src/main.c    ****   touch_dev.init();
 264              		.loc 1 75 3 view .LVU48
 265              		.loc 1 75 12 is_stmt 0 view .LVU49
 266 0022 1E4B     		ldr	r3, .L20
 267 0024 1B68     		ldr	r3, [r3]
 268              		.loc 1 75 3 view .LVU50
 269 0026 9847     		blx	r3
 270              	.LVL24:
  76:Src/main.c    ****   LCD_showString(30, 50, 200, 16, 16, "STM32", RED,WHITE);
 271              		.loc 1 76 3 is_stmt 1 view .LVU51
 272 0028 4FF6FF76 		movw	r6, #65535
 273 002c 0396     		str	r6, [sp, #12]
 274 002e 4FF47845 		mov	r5, #63488
 275 0032 0295     		str	r5, [sp, #8]
 276 0034 1A4B     		ldr	r3, .L20+4
 277 0036 0193     		str	r3, [sp, #4]
 278 0038 1024     		movs	r4, #16
 279 003a 0094     		str	r4, [sp]
 280 003c 2346     		mov	r3, r4
 281 003e C822     		movs	r2, #200
 282 0040 3221     		movs	r1, #50
 283 0042 1E20     		movs	r0, #30
 284 0044 FFF7FEFF 		bl	LCD_showString
 285              	.LVL25:
  77:Src/main.c    ****   LCD_showString(30, 70, 200, 16, 16, "TOUCH TEST", RED,WHITE);
 286              		.loc 1 77 3 view .LVU52
 287 0048 0396     		str	r6, [sp, #12]
 288 004a 0295     		str	r5, [sp, #8]
 289 004c 154B     		ldr	r3, .L20+8
 290 004e 0193     		str	r3, [sp, #4]
 291 0050 0094     		str	r4, [sp]
 292 0052 2346     		mov	r3, r4
 293 0054 C822     		movs	r2, #200
 294 0056 4621     		movs	r1, #70
 295 0058 1E20     		movs	r0, #30
ARM GAS  C:\Users\ADMINI~1\AppData\Local\Temp\ccXqMHxX.s 			page 8


 296 005a FFF7FEFF 		bl	LCD_showString
 297              	.LVL26:
  78:Src/main.c    ****   LCD_showString(30, 90, 200, 16, 16, "ATOM@ALIENTEK", RED,WHITE);
 298              		.loc 1 78 3 view .LVU53
 299 005e 0396     		str	r6, [sp, #12]
 300 0060 0295     		str	r5, [sp, #8]
 301 0062 114B     		ldr	r3, .L20+12
 302 0064 0193     		str	r3, [sp, #4]
 303 0066 0094     		str	r4, [sp]
 304 0068 2346     		mov	r3, r4
 305 006a C822     		movs	r2, #200
 306 006c 5A21     		movs	r1, #90
 307 006e 1E20     		movs	r0, #30
 308 0070 FFF7FEFF 		bl	LCD_showString
 309              	.LVL27:
  79:Src/main.c    ****   LCD_showString(30, 110, 200, 16, 16, "Press KEY0 to Adjust", RED,WHITE); /* 电阻屏才显示 */
 310              		.loc 1 79 3 view .LVU54
 311 0074 0396     		str	r6, [sp, #12]
 312 0076 0295     		str	r5, [sp, #8]
 313 0078 0C4B     		ldr	r3, .L20+16
 314 007a 0193     		str	r3, [sp, #4]
 315 007c 0094     		str	r4, [sp]
 316 007e 2346     		mov	r3, r4
 317 0080 C822     		movs	r2, #200
 318 0082 6E21     		movs	r1, #110
 319 0084 1E20     		movs	r0, #30
 320 0086 FFF7FEFF 		bl	LCD_showString
 321              	.LVL28:
  80:Src/main.c    ****   delay_ms(1500);
 322              		.loc 1 80 3 view .LVU55
 323 008a 40F2DC50 		movw	r0, #1500
 324 008e FFF7FEFF 		bl	delay_ms
 325              	.LVL29:
  81:Src/main.c    ****   load_draw_dialog();
 326              		.loc 1 81 3 view .LVU56
 327 0092 FFF7FEFF 		bl	load_draw_dialog
 328              	.LVL30:
  82:Src/main.c    ****   rtp_test(); /* 电阻屏测试 */
 329              		.loc 1 82 3 view .LVU57
 330 0096 FFF7FEFF 		bl	rtp_test
 331              	.LVL31:
 332              	.L21:
 333 009a 00BF     		.align	2
 334              	.L20:
 335 009c 00000000 		.word	touch_dev
 336 00a0 00000000 		.word	.LC1
 337 00a4 08000000 		.word	.LC2
 338 00a8 14000000 		.word	.LC3
 339 00ac 24000000 		.word	.LC4
 340              		.cfi_endproc
 341              	.LFE70:
 343              		.section	.text.Error_Handler,"ax",%progbits
 344              		.align	1
 345              		.global	Error_Handler
 346              		.syntax unified
 347              		.thumb
 348              		.thumb_func
ARM GAS  C:\Users\ADMINI~1\AppData\Local\Temp\ccXqMHxX.s 			page 9


 350              	Error_Handler:
 351              	.LFB71:
  83:Src/main.c    **** }
  84:Src/main.c    **** 
  85:Src/main.c    **** 
  86:Src/main.c    **** /* USER CODE BEGIN 4 */
  87:Src/main.c    **** 
  88:Src/main.c    **** /* USER CODE END 4 */
  89:Src/main.c    **** 
  90:Src/main.c    **** /**
  91:Src/main.c    ****   * @brief  This function is executed in case of error occurrence.
  92:Src/main.c    ****   * @retval None
  93:Src/main.c    ****   */
  94:Src/main.c    **** void Error_Handler(void)
  95:Src/main.c    **** {
 352              		.loc 1 95 1 view -0
 353              		.cfi_startproc
 354              		@ Volatile: function does not return.
 355              		@ args = 0, pretend = 0, frame = 0
 356              		@ frame_needed = 0, uses_anonymous_args = 0
 357              		@ link register save eliminated.
  96:Src/main.c    ****   /* USER CODE BEGIN Error_Handler_Debug */
  97:Src/main.c    ****   /* User can add his own implementation to report the HAL error return state */
  98:Src/main.c    ****   __disable_irq();
 358              		.loc 1 98 3 view .LVU59
 359              	.LBB4:
 360              	.LBI4:
 361              		.file 2 "Drivers/CMSIS/Include/cmsis_gcc.h"
   1:Drivers/CMSIS/Include/cmsis_gcc.h **** /**************************************************************************//**
   2:Drivers/CMSIS/Include/cmsis_gcc.h ****  * @file     cmsis_gcc.h
   3:Drivers/CMSIS/Include/cmsis_gcc.h ****  * @brief    CMSIS compiler GCC header file
   4:Drivers/CMSIS/Include/cmsis_gcc.h ****  * @version  V5.0.4
   5:Drivers/CMSIS/Include/cmsis_gcc.h ****  * @date     09. April 2018
   6:Drivers/CMSIS/Include/cmsis_gcc.h ****  ******************************************************************************/
   7:Drivers/CMSIS/Include/cmsis_gcc.h **** /*
   8:Drivers/CMSIS/Include/cmsis_gcc.h ****  * Copyright (c) 2009-2018 Arm Limited. All rights reserved.
   9:Drivers/CMSIS/Include/cmsis_gcc.h ****  *
  10:Drivers/CMSIS/Include/cmsis_gcc.h ****  * SPDX-License-Identifier: Apache-2.0
  11:Drivers/CMSIS/Include/cmsis_gcc.h ****  *
  12:Drivers/CMSIS/Include/cmsis_gcc.h ****  * Licensed under the Apache License, Version 2.0 (the License); you may
  13:Drivers/CMSIS/Include/cmsis_gcc.h ****  * not use this file except in compliance with the License.
  14:Drivers/CMSIS/Include/cmsis_gcc.h ****  * You may obtain a copy of the License at
  15:Drivers/CMSIS/Include/cmsis_gcc.h ****  *
  16:Drivers/CMSIS/Include/cmsis_gcc.h ****  * www.apache.org/licenses/LICENSE-2.0
  17:Drivers/CMSIS/Include/cmsis_gcc.h ****  *
  18:Drivers/CMSIS/Include/cmsis_gcc.h ****  * Unless required by applicable law or agreed to in writing, software
  19:Drivers/CMSIS/Include/cmsis_gcc.h ****  * distributed under the License is distributed on an AS IS BASIS, WITHOUT
  20:Drivers/CMSIS/Include/cmsis_gcc.h ****  * WARRANTIES OR CONDITIONS OF ANY KIND, either express or implied.
  21:Drivers/CMSIS/Include/cmsis_gcc.h ****  * See the License for the specific language governing permissions and
  22:Drivers/CMSIS/Include/cmsis_gcc.h ****  * limitations under the License.
  23:Drivers/CMSIS/Include/cmsis_gcc.h ****  */
  24:Drivers/CMSIS/Include/cmsis_gcc.h **** 
  25:Drivers/CMSIS/Include/cmsis_gcc.h **** #ifndef __CMSIS_GCC_H
  26:Drivers/CMSIS/Include/cmsis_gcc.h **** #define __CMSIS_GCC_H
  27:Drivers/CMSIS/Include/cmsis_gcc.h **** 
  28:Drivers/CMSIS/Include/cmsis_gcc.h **** /* ignore some GCC warnings */
  29:Drivers/CMSIS/Include/cmsis_gcc.h **** #pragma GCC diagnostic push
ARM GAS  C:\Users\ADMINI~1\AppData\Local\Temp\ccXqMHxX.s 			page 10


  30:Drivers/CMSIS/Include/cmsis_gcc.h **** #pragma GCC diagnostic ignored "-Wsign-conversion"
  31:Drivers/CMSIS/Include/cmsis_gcc.h **** #pragma GCC diagnostic ignored "-Wconversion"
  32:Drivers/CMSIS/Include/cmsis_gcc.h **** #pragma GCC diagnostic ignored "-Wunused-parameter"
  33:Drivers/CMSIS/Include/cmsis_gcc.h **** 
  34:Drivers/CMSIS/Include/cmsis_gcc.h **** /* Fallback for __has_builtin */
  35:Drivers/CMSIS/Include/cmsis_gcc.h **** #ifndef __has_builtin
  36:Drivers/CMSIS/Include/cmsis_gcc.h ****   #define __has_builtin(x) (0)
  37:Drivers/CMSIS/Include/cmsis_gcc.h **** #endif
  38:Drivers/CMSIS/Include/cmsis_gcc.h **** 
  39:Drivers/CMSIS/Include/cmsis_gcc.h **** /* CMSIS compiler specific defines */
  40:Drivers/CMSIS/Include/cmsis_gcc.h **** #ifndef   __ASM
  41:Drivers/CMSIS/Include/cmsis_gcc.h ****   #define __ASM                                  __asm
  42:Drivers/CMSIS/Include/cmsis_gcc.h **** #endif
  43:Drivers/CMSIS/Include/cmsis_gcc.h **** #ifndef   __INLINE
  44:Drivers/CMSIS/Include/cmsis_gcc.h ****   #define __INLINE                               inline
  45:Drivers/CMSIS/Include/cmsis_gcc.h **** #endif
  46:Drivers/CMSIS/Include/cmsis_gcc.h **** #ifndef   __STATIC_INLINE
  47:Drivers/CMSIS/Include/cmsis_gcc.h ****   #define __STATIC_INLINE                        static inline
  48:Drivers/CMSIS/Include/cmsis_gcc.h **** #endif
  49:Drivers/CMSIS/Include/cmsis_gcc.h **** #ifndef   __STATIC_FORCEINLINE                 
  50:Drivers/CMSIS/Include/cmsis_gcc.h ****   #define __STATIC_FORCEINLINE                   __attribute__((always_inline)) static inline
  51:Drivers/CMSIS/Include/cmsis_gcc.h **** #endif                                           
  52:Drivers/CMSIS/Include/cmsis_gcc.h **** #ifndef   __NO_RETURN
  53:Drivers/CMSIS/Include/cmsis_gcc.h ****   #define __NO_RETURN                            __attribute__((__noreturn__))
  54:Drivers/CMSIS/Include/cmsis_gcc.h **** #endif
  55:Drivers/CMSIS/Include/cmsis_gcc.h **** #ifndef   __USED
  56:Drivers/CMSIS/Include/cmsis_gcc.h ****   #define __USED                                 __attribute__((used))
  57:Drivers/CMSIS/Include/cmsis_gcc.h **** #endif
  58:Drivers/CMSIS/Include/cmsis_gcc.h **** #ifndef   __WEAK
  59:Drivers/CMSIS/Include/cmsis_gcc.h ****   #define __WEAK                                 __attribute__((weak))
  60:Drivers/CMSIS/Include/cmsis_gcc.h **** #endif
  61:Drivers/CMSIS/Include/cmsis_gcc.h **** #ifndef   __PACKED
  62:Drivers/CMSIS/Include/cmsis_gcc.h ****   #define __PACKED                               __attribute__((packed, aligned(1)))
  63:Drivers/CMSIS/Include/cmsis_gcc.h **** #endif
  64:Drivers/CMSIS/Include/cmsis_gcc.h **** #ifndef   __PACKED_STRUCT
  65:Drivers/CMSIS/Include/cmsis_gcc.h ****   #define __PACKED_STRUCT                        struct __attribute__((packed, aligned(1)))
  66:Drivers/CMSIS/Include/cmsis_gcc.h **** #endif
  67:Drivers/CMSIS/Include/cmsis_gcc.h **** #ifndef   __PACKED_UNION
  68:Drivers/CMSIS/Include/cmsis_gcc.h ****   #define __PACKED_UNION                         union __attribute__((packed, aligned(1)))
  69:Drivers/CMSIS/Include/cmsis_gcc.h **** #endif
  70:Drivers/CMSIS/Include/cmsis_gcc.h **** #ifndef   __UNALIGNED_UINT32        /* deprecated */
  71:Drivers/CMSIS/Include/cmsis_gcc.h ****   #pragma GCC diagnostic push
  72:Drivers/CMSIS/Include/cmsis_gcc.h ****   #pragma GCC diagnostic ignored "-Wpacked"
  73:Drivers/CMSIS/Include/cmsis_gcc.h ****   #pragma GCC diagnostic ignored "-Wattributes"
  74:Drivers/CMSIS/Include/cmsis_gcc.h ****   struct __attribute__((packed)) T_UINT32 { uint32_t v; };
  75:Drivers/CMSIS/Include/cmsis_gcc.h ****   #pragma GCC diagnostic pop
  76:Drivers/CMSIS/Include/cmsis_gcc.h ****   #define __UNALIGNED_UINT32(x)                  (((struct T_UINT32 *)(x))->v)
  77:Drivers/CMSIS/Include/cmsis_gcc.h **** #endif
  78:Drivers/CMSIS/Include/cmsis_gcc.h **** #ifndef   __UNALIGNED_UINT16_WRITE
  79:Drivers/CMSIS/Include/cmsis_gcc.h ****   #pragma GCC diagnostic push
  80:Drivers/CMSIS/Include/cmsis_gcc.h ****   #pragma GCC diagnostic ignored "-Wpacked"
  81:Drivers/CMSIS/Include/cmsis_gcc.h ****   #pragma GCC diagnostic ignored "-Wattributes"
  82:Drivers/CMSIS/Include/cmsis_gcc.h ****   __PACKED_STRUCT T_UINT16_WRITE { uint16_t v; };
  83:Drivers/CMSIS/Include/cmsis_gcc.h ****   #pragma GCC diagnostic pop
  84:Drivers/CMSIS/Include/cmsis_gcc.h ****   #define __UNALIGNED_UINT16_WRITE(addr, val)    (void)((((struct T_UINT16_WRITE *)(void *)(addr))-
  85:Drivers/CMSIS/Include/cmsis_gcc.h **** #endif
  86:Drivers/CMSIS/Include/cmsis_gcc.h **** #ifndef   __UNALIGNED_UINT16_READ
ARM GAS  C:\Users\ADMINI~1\AppData\Local\Temp\ccXqMHxX.s 			page 11


  87:Drivers/CMSIS/Include/cmsis_gcc.h ****   #pragma GCC diagnostic push
  88:Drivers/CMSIS/Include/cmsis_gcc.h ****   #pragma GCC diagnostic ignored "-Wpacked"
  89:Drivers/CMSIS/Include/cmsis_gcc.h ****   #pragma GCC diagnostic ignored "-Wattributes"
  90:Drivers/CMSIS/Include/cmsis_gcc.h ****   __PACKED_STRUCT T_UINT16_READ { uint16_t v; };
  91:Drivers/CMSIS/Include/cmsis_gcc.h ****   #pragma GCC diagnostic pop
  92:Drivers/CMSIS/Include/cmsis_gcc.h ****   #define __UNALIGNED_UINT16_READ(addr)          (((const struct T_UINT16_READ *)(const void *)(add
  93:Drivers/CMSIS/Include/cmsis_gcc.h **** #endif
  94:Drivers/CMSIS/Include/cmsis_gcc.h **** #ifndef   __UNALIGNED_UINT32_WRITE
  95:Drivers/CMSIS/Include/cmsis_gcc.h ****   #pragma GCC diagnostic push
  96:Drivers/CMSIS/Include/cmsis_gcc.h ****   #pragma GCC diagnostic ignored "-Wpacked"
  97:Drivers/CMSIS/Include/cmsis_gcc.h ****   #pragma GCC diagnostic ignored "-Wattributes"
  98:Drivers/CMSIS/Include/cmsis_gcc.h ****   __PACKED_STRUCT T_UINT32_WRITE { uint32_t v; };
  99:Drivers/CMSIS/Include/cmsis_gcc.h ****   #pragma GCC diagnostic pop
 100:Drivers/CMSIS/Include/cmsis_gcc.h ****   #define __UNALIGNED_UINT32_WRITE(addr, val)    (void)((((struct T_UINT32_WRITE *)(void *)(addr))-
 101:Drivers/CMSIS/Include/cmsis_gcc.h **** #endif
 102:Drivers/CMSIS/Include/cmsis_gcc.h **** #ifndef   __UNALIGNED_UINT32_READ
 103:Drivers/CMSIS/Include/cmsis_gcc.h ****   #pragma GCC diagnostic push
 104:Drivers/CMSIS/Include/cmsis_gcc.h ****   #pragma GCC diagnostic ignored "-Wpacked"
 105:Drivers/CMSIS/Include/cmsis_gcc.h ****   #pragma GCC diagnostic ignored "-Wattributes"
 106:Drivers/CMSIS/Include/cmsis_gcc.h ****   __PACKED_STRUCT T_UINT32_READ { uint32_t v; };
 107:Drivers/CMSIS/Include/cmsis_gcc.h ****   #pragma GCC diagnostic pop
 108:Drivers/CMSIS/Include/cmsis_gcc.h ****   #define __UNALIGNED_UINT32_READ(addr)          (((const struct T_UINT32_READ *)(const void *)(add
 109:Drivers/CMSIS/Include/cmsis_gcc.h **** #endif
 110:Drivers/CMSIS/Include/cmsis_gcc.h **** #ifndef   __ALIGNED
 111:Drivers/CMSIS/Include/cmsis_gcc.h ****   #define __ALIGNED(x)                           __attribute__((aligned(x)))
 112:Drivers/CMSIS/Include/cmsis_gcc.h **** #endif
 113:Drivers/CMSIS/Include/cmsis_gcc.h **** #ifndef   __RESTRICT
 114:Drivers/CMSIS/Include/cmsis_gcc.h ****   #define __RESTRICT                             __restrict
 115:Drivers/CMSIS/Include/cmsis_gcc.h **** #endif
 116:Drivers/CMSIS/Include/cmsis_gcc.h **** 
 117:Drivers/CMSIS/Include/cmsis_gcc.h **** 
 118:Drivers/CMSIS/Include/cmsis_gcc.h **** /* ###########################  Core Function Access  ########################### */
 119:Drivers/CMSIS/Include/cmsis_gcc.h **** /** \ingroup  CMSIS_Core_FunctionInterface
 120:Drivers/CMSIS/Include/cmsis_gcc.h ****     \defgroup CMSIS_Core_RegAccFunctions CMSIS Core Register Access Functions
 121:Drivers/CMSIS/Include/cmsis_gcc.h ****   @{
 122:Drivers/CMSIS/Include/cmsis_gcc.h ****  */
 123:Drivers/CMSIS/Include/cmsis_gcc.h **** 
 124:Drivers/CMSIS/Include/cmsis_gcc.h **** /**
 125:Drivers/CMSIS/Include/cmsis_gcc.h ****   \brief   Enable IRQ Interrupts
 126:Drivers/CMSIS/Include/cmsis_gcc.h ****   \details Enables IRQ interrupts by clearing the I-bit in the CPSR.
 127:Drivers/CMSIS/Include/cmsis_gcc.h ****            Can only be executed in Privileged modes.
 128:Drivers/CMSIS/Include/cmsis_gcc.h ****  */
 129:Drivers/CMSIS/Include/cmsis_gcc.h **** __STATIC_FORCEINLINE void __enable_irq(void)
 130:Drivers/CMSIS/Include/cmsis_gcc.h **** {
 131:Drivers/CMSIS/Include/cmsis_gcc.h ****   __ASM volatile ("cpsie i" : : : "memory");
 132:Drivers/CMSIS/Include/cmsis_gcc.h **** }
 133:Drivers/CMSIS/Include/cmsis_gcc.h **** 
 134:Drivers/CMSIS/Include/cmsis_gcc.h **** 
 135:Drivers/CMSIS/Include/cmsis_gcc.h **** /**
 136:Drivers/CMSIS/Include/cmsis_gcc.h ****   \brief   Disable IRQ Interrupts
 137:Drivers/CMSIS/Include/cmsis_gcc.h ****   \details Disables IRQ interrupts by setting the I-bit in the CPSR.
 138:Drivers/CMSIS/Include/cmsis_gcc.h ****            Can only be executed in Privileged modes.
 139:Drivers/CMSIS/Include/cmsis_gcc.h ****  */
 140:Drivers/CMSIS/Include/cmsis_gcc.h **** __STATIC_FORCEINLINE void __disable_irq(void)
 362              		.loc 2 140 27 view .LVU60
 363              	.LBB5:
 141:Drivers/CMSIS/Include/cmsis_gcc.h **** {
ARM GAS  C:\Users\ADMINI~1\AppData\Local\Temp\ccXqMHxX.s 			page 12


 142:Drivers/CMSIS/Include/cmsis_gcc.h ****   __ASM volatile ("cpsid i" : : : "memory");
 364              		.loc 2 142 3 view .LVU61
 365              		.syntax unified
 366              	@ 142 "Drivers/CMSIS/Include/cmsis_gcc.h" 1
 367 0000 72B6     		cpsid i
 368              	@ 0 "" 2
 369              		.thumb
 370              		.syntax unified
 371              	.L23:
 372              	.LBE5:
 373              	.LBE4:
  99:Src/main.c    ****   while (1)
 374              		.loc 1 99 3 view .LVU62
 100:Src/main.c    ****   {
 101:Src/main.c    ****   }
 375              		.loc 1 101 3 view .LVU63
  99:Src/main.c    ****   while (1)
 376              		.loc 1 99 9 view .LVU64
 377 0002 FEE7     		b	.L23
 378              		.cfi_endproc
 379              	.LFE71:
 381              		.text
 382              	.Letext0:
 383              		.file 3 "D:/toolchain/gcc/xpack-arm-none-eabi-gcc-13.2.1-1.1-win32-x64/xpack-arm-none-eabi-gcc-13.
 384              		.file 4 "D:/toolchain/gcc/xpack-arm-none-eabi-gcc-13.2.1-1.1-win32-x64/xpack-arm-none-eabi-gcc-13.
 385              		.file 5 "Drivers/CMSIS/Device/ST/STM32F1xx/Include/stm32f103xe.h"
 386              		.file 6 "Drivers/STM32F1xx_HAL_Driver/Inc/stm32f1xx_hal_def.h"
 387              		.file 7 "Inc/touch.h"
 388              		.file 8 "Inc/led.h"
 389              		.file 9 "Inc/lcd.h"
 390              		.file 10 "Inc/key.h"
 391              		.file 11 "Inc/delay.h"
 392              		.file 12 "Inc/sys.h"
 393              		.file 13 "Drivers/STM32F1xx_HAL_Driver/Inc/stm32f1xx_hal.h"
ARM GAS  C:\Users\ADMINI~1\AppData\Local\Temp\ccXqMHxX.s 			page 13


DEFINED SYMBOLS
                            *ABS*:00000000 main.c
C:\Users\ADMINI~1\AppData\Local\Temp\ccXqMHxX.s:19     .rodata.load_draw_dialog.str1.4:00000000 $d
C:\Users\ADMINI~1\AppData\Local\Temp\ccXqMHxX.s:23     .text.load_draw_dialog:00000000 $t
C:\Users\ADMINI~1\AppData\Local\Temp\ccXqMHxX.s:29     .text.load_draw_dialog:00000000 load_draw_dialog
C:\Users\ADMINI~1\AppData\Local\Temp\ccXqMHxX.s:69     .text.load_draw_dialog:00000030 $d
C:\Users\ADMINI~1\AppData\Local\Temp\ccXqMHxX.s:74     .text.rtp_test:00000000 $t
C:\Users\ADMINI~1\AppData\Local\Temp\ccXqMHxX.s:80     .text.rtp_test:00000000 rtp_test
C:\Users\ADMINI~1\AppData\Local\Temp\ccXqMHxX.s:204    .text.rtp_test:00000084 $d
C:\Users\ADMINI~1\AppData\Local\Temp\ccXqMHxX.s:211    .rodata.main.str1.4:00000000 $d
C:\Users\ADMINI~1\AppData\Local\Temp\ccXqMHxX.s:224    .text.main:00000000 $t
C:\Users\ADMINI~1\AppData\Local\Temp\ccXqMHxX.s:230    .text.main:00000000 main
C:\Users\ADMINI~1\AppData\Local\Temp\ccXqMHxX.s:335    .text.main:0000009c $d
C:\Users\ADMINI~1\AppData\Local\Temp\ccXqMHxX.s:344    .text.Error_Handler:00000000 $t
C:\Users\ADMINI~1\AppData\Local\Temp\ccXqMHxX.s:350    .text.Error_Handler:00000000 Error_Handler

UNDEFINED SYMBOLS
LCD_clear
LCD_showString
delay_ms
getKeyNum
touch_drawBigPoint
touchAdjust
touch_saveAdjustData
LED_Toggle
touch_dev
HAL_Init
sys_stm32_clock_init
delay_init
Key_Init
LCD_Init
LED_Init
