*** Using Compiler 'V5.06 update 7 (build 960)', folder: 'D:\Keil_v5\ARM\ARMCC\Bin'
Build target 'Target 1'
compiling stm32f10x_it.c...
compiling Delay.c...
compiling I2C.c...
compiling key.c...
compiling main.c...
.\Middlewares\LVGL\GUI\lvgl\src/misc/lv_printf.h(81): warning:  #1362-D: unrecognized format function type "gnu_printf" ignored
  int  lv_snprintf(char * buffer, size_t count, const char * format, ...) LV_FORMAT_ATTRIBUTE(3, 4);
.\Middlewares\LVGL\GUI\lvgl\src/misc/lv_printf.h(82): warning:  #1362-D: unrecognized format function type "gnu_printf" ignored
  int lv_vsnprintf(char * buffer, size_t count, const char * format, va_list va) LV_FORMAT_ATTRIBUTE(3, 0);
.\Middlewares\LVGL\GUI\lvgl\src/hal/../draw/../misc/lv_txt.h(147): warning:  #1362-D: unrecognized format function type "gnu_printf" ignored
  char * _lv_txt_set_text_vfmt(const char * fmt, va_list ap) LV_FORMAT_ATTRIBUTE(1, 0);
.\Middlewares\LVGL\GUI\lvgl\src/widgets/lv_label.h(109): warning:  #1362-D: unrecognized format function type "gnu_printf" ignored
  void lv_label_set_text_fmt(lv_obj_t * obj, const char * fmt, ...) LV_FORMAT_ATTRIBUTE(2, 3);
User\main.c: 4 warnings, 0 errors
compiling at24c02.c...
compiling lcd.c...
compiling touch.c...
compiling lv_port_disp_template.c...
.\Middlewares\LVGL\GUI\lvgl\src/misc/lv_printf.h(81): warning:  #1362-D: unrecognized format function type "gnu_printf" ignored
  int  lv_snprintf(char * buffer, size_t count, const char * format, ...) LV_FORMAT_ATTRIBUTE(3, 4);
.\Middlewares\LVGL\GUI\lvgl\src/misc/lv_printf.h(82): warning:  #1362-D: unrecognized format function type "gnu_printf" ignored
  int lv_vsnprintf(char * buffer, size_t count, const char * format, va_list va) LV_FORMAT_ATTRIBUTE(3, 0);
.\Middlewares\LVGL\GUI\lvgl\src/hal/../draw/../misc/lv_txt.h(147): warning:  #1362-D: unrecognized format function type "gnu_printf" ignored
  char * _lv_txt_set_text_vfmt(const char * fmt, va_list ap) LV_FORMAT_ATTRIBUTE(1, 0);
.\Middlewares\LVGL\GUI\lvgl\src/widgets/lv_label.h(109): warning:  #1362-D: unrecognized format function type "gnu_printf" ignored
  void lv_label_set_text_fmt(lv_obj_t * obj, const char * fmt, ...) LV_FORMAT_ATTRIBUTE(2, 3);
Middlewares\LVGL\GUI\lvgl\examples\porting\lv_port_disp_template.c: 4 warnings, 0 errors
compiling lv_port_indev_template.c...
.\Middlewares\LVGL\GUI\lvgl\src/misc/lv_printf.h(81): warning:  #1362-D: unrecognized format function type "gnu_printf" ignored
  int  lv_snprintf(char * buffer, size_t count, const char * format, ...) LV_FORMAT_ATTRIBUTE(3, 4);
.\Middlewares\LVGL\GUI\lvgl\src/misc/lv_printf.h(82): warning:  #1362-D: unrecognized format function type "gnu_printf" ignored
  int lv_vsnprintf(char * buffer, size_t count, const char * format, va_list va) LV_FORMAT_ATTRIBUTE(3, 0);
.\Middlewares\LVGL\GUI\lvgl\src/hal/../draw/../misc/lv_txt.h(147): warning:  #1362-D: unrecognized format function type "gnu_printf" ignored
  char * _lv_txt_set_text_vfmt(const char * fmt, va_list ap) LV_FORMAT_ATTRIBUTE(1, 0);
.\Middlewares\LVGL\GUI\lvgl\src/widgets/lv_label.h(109): warning:  #1362-D: unrecognized format function type "gnu_printf" ignored
  void lv_label_set_text_fmt(lv_obj_t * obj, const char * fmt, ...) LV_FORMAT_ATTRIBUTE(2, 3);
Middlewares\LVGL\GUI\lvgl\examples\porting\lv_port_indev_template.c: 4 warnings, 0 errors
linking...
Program Size: Code=197006 RO-data=30462 RW-data=588 ZI-data=56980  
FromELF: creating hex file...
".\Objects\LVGL.axf" - 0 Error(s), 12 Warning(s).
Build Time Elapsed:  00:00:16
